2021-09-10 22:43:36.022  INFO 10052 --- [main] lavalink.server.Launcher                 : 

[32m       .  [31m _                  _ _       _    [32m__ _ _
[32m      /\\ [31m| | __ ___   ____ _| (_)_ __ | | __[32m\ \ \ \
[32m     ( ( )[31m| |/ _` \ \ / / _` | | | '_ \| |/ /[32m \ \ \ \
[32m      \\/ [31m| | (_| |\ V / (_| | | | | | |   < [32m  ) ) ) )
[32m       '  [31m|_|\__,_| \_/ \__,_|_|_|_| |_|_|\_\[32m / / / /
[0m    =========================================[32m/_/_/_/[0m

	Version:        3.3.2.3
	Build:          1238
	Build time:     15.08.2021 19:11:15 UTC
	Branch          SoundcloudFixes
	Commit:         7f9925c
	Commit time:    17.02.2021 23:18:16 UTC
	JVM:            16.0.2
	Lavaplayer      1.3.78

2021-09-10 22:43:36.152  INFO 10052 --- [main] lavalink.server.Launcher                 : Starting Launcher on DESKTOP-BLGO96M with PID 10052 (C:\Discord-bot\XG Music 4\Lavalink.jar started by XG in C:\Discord-bot\XG Music 4)
2021-09-10 22:43:36.152  INFO 10052 --- [main] lavalink.server.Launcher                 : No active profile set, falling back to default profiles: default
2021-09-10 22:43:36.236  WARN 10052 --- [background-preinit] o.s.h.c.j.Jackson2ObjectMapperBuilder    : For Jackson Kotlin classes support please add "com.fasterxml.jackson.module:jackson-module-kotlin" to the classpath
2021-09-10 22:43:37.216  WARN 10052 --- [main] io.undertow.websockets.jsr               : UT026010: Buffer pool was not set on WebSocketDeploymentInfo, the default pool will be used
2021-09-10 22:43:37.237  INFO 10052 --- [main] io.undertow.servlet                      : Initializing Spring embedded WebApplicationContext
2021-09-10 22:43:37.238  INFO 10052 --- [main] o.s.web.context.ContextLoader            : Root WebApplicationContext: initialization completed in 1044 ms
2021-09-10 22:43:37.767  WARN 10052 --- [main] l.server.config.SentryConfiguration      : Turning off sentry
2021-09-10 22:43:38.132  INFO 10052 --- [main] c.s.d.l.tools.GarbageCollectionMonitor   : GC monitoring enabled, reporting results every 2 minutes.
2021-09-10 22:43:38.391  INFO 10052 --- [main] lavalink.server.config.KoeConfiguration  : OS: Windows 10, Arch: amd64
2021-09-10 22:43:38.391  WARN 10052 --- [main] lavalink.server.config.KoeConfiguration  : This system and architecture appears to not support native audio sending! GC pauses may cause your bot to stutter during playback.
2021-09-10 22:43:38.611  INFO 10052 --- [main] o.s.s.concurrent.ThreadPoolTaskExecutor  : Initializing ExecutorService 'applicationTaskExecutor'
2021-09-10 22:43:38.982  INFO 10052 --- [main] org.xnio                                 : XNIO version 3.3.8.Final
2021-09-10 22:43:38.997  INFO 10052 --- [main] org.xnio.nio                             : XNIO NIO Implementation Version 3.3.8.Final
2021-09-10 22:43:39.058  INFO 10052 --- [main] o.s.b.w.e.u.UndertowServletWebServer     : Undertow started on port(s) 2333 (http) with context path ''
2021-09-10 22:43:39.064  INFO 10052 --- [main] lavalink.server.Launcher                 : Started Launcher in 3.543 seconds (JVM running for 4.304)
2021-09-10 22:43:39.066  INFO 10052 --- [main] lavalink.server.Launcher                 : You can safely ignore the big red warning about illegal reflection. See https://github.com/Frederikam/Lavalink/issues/295
2021-09-10 22:45:03.316  INFO 10052 --- [Thread-1] o.s.s.concurrent.ThreadPoolTaskExecutor  : Shutting down ExecutorService 'applicationTaskExecutor'
2021-09-10 22:45:03.318  INFO 10052 --- [Thread-1] c.s.d.l.tools.GarbageCollectionMonitor   : GC monitoring disabled.
